╭─ warning ────────────────────────────────────────────────────────────────────╮
│                                                                              │
│  It doesn't seem like you're running this command in a theme directory.      │
│                                                                              │
╰──────────────────────────────────────────────────────────────────────────────╯

╭─ warning ────────────────────────────────────────────────────────────────────╮
│                                                                              │
│  The current Git directory has uncommitted changes.                          │
│                                                                              │
╰──────────────────────────────────────────────────────────────────────────────╯

▁▁▂▂▃▃▄▄▅▅▆▆▇▇██▇▇▆▆▅▅▄▄▃▃▂▂▁▁▁▁▂▂▃▃▄▄▅▅▆▆▇▇██▇▇▆▆▅▅▄▄▃▃▂▂▁▁▁▁▂▂▃▃▄▄▅▅▆▆▇▇██▇▇▆▆
▅▅▄▄▃▃▂▂▁▁
Downloading files from remote theme [0%] ...
[2K[1A[2K[1A[2K[1A[2K[G▁▁▁▂▂▃▃▄▄▅▅▆▆▇▇██▇▇▆▆▅▅▄▄▃▃▂▂▁▁▁▁▂▂▃▃▄▄▅▅▆▆▇▇██▇▇▆▆▅▅▄▄▃▃▂▂▁▁▁▁▂▂▃▃▄▄▅▅▆▆▇▇██▇▇▆
Downloading files from remote theme [0%] ...
[2K[1A[2K[1A[2K[G▁▁▁▁▂▂▃▃▄▄▅▅▆▆▇▇██▇▇▆▆▅▅▄▄▃▃▂▂▁▁▁▁▂▂▃▃▄▄▅▅▆▆▇▇██▇▇▆▆▅▅▄▄▃▃▂▂▁▁▁▁▂▂▃▃▄▄▅▅▆▆▇▇██▇▇
Downloading files from remote theme [0%] ...
[2K[1A[2K[1A[2K[G▂▁▁▁▁▂▂▃▃▄▄▅▅▆▆▇▇██▇▇▆▆▅▅▄▄▃▃▂▂▁▁▁▁▂▂▃▃▄▄▅▅▆▆▇▇██▇▇▆▆▅▅▄▄▃▃▂▂▁▁▁▁▂▂▃▃▄▄▅▅▆▆▇▇██▇
Downloading files from remote theme [0%] ...
[2K[1A[2K[1A[2K[G▂▂▁▁▁▁▂▂▃▃▄▄▅▅▆▆▇▇██▇▇▆▆▅▅▄▄▃▃▂▂▁▁▁▁▂▂▃▃▄▄▅▅▆▆▇▇██▇▇▆▆▅▅▄▄▃▃▂▂▁▁▁▁▂▂▃▃▄▄▅▅▆▆▇▇██
Downloading files from remote theme [0%] ...
[2K[1A[2K[1A[2K[G▃▂▂▁▁▁▁▂▂▃▃▄▄▅▅▆▆▇▇██▇▇▆▆▅▅▄▄▃▃▂▂▁▁▁▁▂▂▃▃▄▄▅▅▆▆▇▇██▇▇▆▆▅▅▄▄▃▃▂▂▁▁▁▁▂▂▃▃▄▄▅▅▆▆▇▇█
Downloading files from remote theme [0%] ...
[2K[1A[2K[1A[2K[G▃▃▂▂▁▁▁▁▂▂▃▃▄▄▅▅▆▆▇▇██▇▇▆▆▅▅▄▄▃▃▂▂▁▁▁▁▂▂▃▃▄▄▅▅▆▆▇▇██▇▇▆▆▅▅▄▄▃▃▂▂▁▁▁▁▂▂▃▃▄▄▅▅▆▆▇▇
Downloading files from remote theme [0%] ...
[2K[1A[2K[1A[2K[G▄▃▃▂▂▁▁▁▁▂▂▃▃▄▄▅▅▆▆▇▇██▇▇▆▆▅▅▄▄▃▃▂▂▁▁▁▁▂▂▃▃▄▄▅▅▆▆▇▇██▇▇▆▆▅▅▄▄▃▃▂▂▁▁▁▁▂▂▃▃▄▄▅▅▆▆▇
Downloading files from remote theme [0%] ...
[2K[1A[2K[1A[2K[G▄▄▃▃▂▂▁▁▁▁▂▂▃▃▄▄▅▅▆▆▇▇██▇▇▆▆▅▅▄▄▃▃▂▂▁▁▁▁▂▂▃▃▄▄▅▅▆▆▇▇██▇▇▆▆▅▅▄▄▃▃▂▂▁▁▁▁▂▂▃▃▄▄▅▅▆▆
Downloading files from remote theme [0%] ...
[2K[1A[2K[1A[2K[G▅▄▄▃▃▂▂▁▁▁▁▂▂▃▃▄▄▅▅▆▆▇▇██▇▇▆▆▅▅▄▄▃▃▂▂▁▁▁▁▂▂▃▃▄▄▅▅▆▆▇▇██▇▇▆▆▅▅▄▄▃▃▂▂▁▁▁▁▂▂▃▃▄▄▅▅▆
Downloading files from remote theme [0%] ...
[2K[1A[2K[1A[2K[G▅▅▄▄▃▃▂▂▁▁▁▁▂▂▃▃▄▄▅▅▆▆▇▇██▇▇▆▆▅▅▄▄▃▃▂▂▁▁▁▁▂▂▃▃▄▄▅▅▆▆▇▇██▇▇▆▆▅▅▄▄▃▃▂▂▁▁▁▁▂▂▃▃▄▄▅▅
Downloading files from remote theme [0%] ...
[2K[1A[2K[1A[2K[G▆▅▅▄▄▃▃▂▂▁▁▁▁▂▂▃▃▄▄▅▅▆▆▇▇██▇▇▆▆▅▅▄▄▃▃▂▂▁▁▁▁▂▂▃▃▄▄▅▅▆▆▇▇██▇▇▆▆▅▅▄▄▃▃▂▂▁▁▁▁▂▂▃▃▄▄▅
Downloading files from remote theme [0%] ...
[2K[1A[2K[1A[2K[G▆▆▅▅▄▄▃▃▂▂▁▁▁▁▂▂▃▃▄▄▅▅▆▆▇▇██▇▇▆▆▅▅▄▄▃▃▂▂▁▁▁▁▂▂▃▃▄▄▅▅▆▆▇▇██▇▇▆▆▅▅▄▄▃▃▂▂▁▁▁▁▂▂▃▃▄▄
Downloading files from remote theme [0%] ...
[2K[1A[2K[1A[2K[G▇▆▆▅▅▄▄▃▃▂▂▁▁▁▁▂▂▃▃▄▄▅▅▆▆▇▇██▇▇▆▆▅▅▄▄▃▃▂▂▁▁▁▁▂▂▃▃▄▄▅▅▆▆▇▇██▇▇▆▆▅▅▄▄▃▃▂▂▁▁▁▁▂▂▃▃▄
Downloading files from remote theme [0%] ...
[2K[1A[2K[1A[2K[G▇▇▆▆▅▅▄▄▃▃▂▂▁▁▁▁▂▂▃▃▄▄▅▅▆▆▇▇██▇▇▆▆▅▅▄▄▃▃▂▂▁▁▁▁▂▂▃▃▄▄▅▅▆▆▇▇██▇▇▆▆▅▅▄▄▃▃▂▂▁▁▁▁▂▂▃▃
Downloading files from remote theme [0%] ...
[2K[1A[2K[1A[2K[G█▇▇▆▆▅▅▄▄▃▃▂▂▁▁▁▁▂▂▃▃▄▄▅▅▆▆▇▇██▇▇▆▆▅▅▄▄▃▃▂▂▁▁▁▁▂▂▃▃▄▄▅▅▆▆▇▇██▇▇▆▆▅▅▄▄▃▃▂▂▁▁▁▁▂▂▃
Downloading files from remote theme [0%] ...
[2K[1A[2K[1A[2K[G██▇▇▆▆▅▅▄▄▃▃▂▂▁▁▁▁▂▂▃▃▄▄▅▅▆▆▇▇██▇▇▆▆▅▅▄▄▃▃▂▂▁▁▁▁▂▂▃▃▄▄▅▅▆▆▇▇██▇▇▆▆▅▅▄▄▃▃▂▂▁▁▁▁▂▂
Downloading files from remote theme [0%] ...
[2K[1A[2K[1A[2K[G▇██▇▇▆▆▅▅▄▄▃▃▂▂▁▁▁▁▂▂▃▃▄▄▅▅▆▆▇▇██▇▇▆▆▅▅▄▄▃▃▂▂▁▁▁▁▂▂▃▃▄▄▅▅▆▆▇▇██▇▇▆▆▅▅▄▄▃▃▂▂▁▁▁▁▂
Downloading files from remote theme [0%] ...
[2K[1A[2K[1A[2K[G▇▇██▇▇▆▆▅▅▄▄▃▃▂▂▁▁▁▁▂▂▃▃▄▄▅▅▆▆▇▇██▇▇▆▆▅▅▄▄▃▃▂▂▁▁▁▁▂▂▃▃▄▄▅▅▆▆▇▇██▇▇▆▆▅▅▄▄▃▃▂▂▁▁▁▁
Downloading files from remote theme [0%] ...
[2K[1A[2K[1A[2K[G▆▇▇██▇▇▆▆▅▅▄▄▃▃▂▂▁▁▁▁▂▂▃▃▄▄▅▅▆▆▇▇██▇▇▆▆▅▅▄▄▃▃▂▂▁▁▁▁▂▂▃▃▄▄▅▅▆▆▇▇██▇▇▆▆▅▅▄▄▃▃▂▂▁▁▁
Downloading files from remote theme [0%] ...
[2K[1A[2K[1A[2K[G▆▆▇▇██▇▇▆▆▅▅▄▄▃▃▂▂▁▁▁▁▂▂▃▃▄▄▅▅▆▆▇▇██▇▇▆▆▅▅▄▄▃▃▂▂▁▁▁▁▂▂▃▃▄▄▅▅▆▆▇▇██▇▇▆▆▅▅▄▄▃▃▂▂▁▁
Downloading files from remote theme [0%] ...
[2K[1A[2K[1A[2K[G▅▆▆▇▇██▇▇▆▆▅▅▄▄▃▃▂▂▁▁▁▁▂▂▃▃▄▄▅▅▆▆▇▇██▇▇▆▆▅▅▄▄▃▃▂▂▁▁▁▁▂▂▃▃▄▄▅▅▆▆▇▇██▇▇▆▆▅▅▄▄▃▃▂▂▁
Downloading files from remote theme [0%] ...
[2K[1A[2K[1A[2K[G▅▅▆▆▇▇██▇▇▆▆▅▅▄▄▃▃▂▂▁▁▁▁▂▂▃▃▄▄▅▅▆▆▇▇██▇▇▆▆▅▅▄▄▃▃▂▂▁▁▁▁▂▂▃▃▄▄▅▅▆▆▇▇██▇▇▆▆▅▅▄▄▃▃▂▂
Downloading files from remote theme [0%] ...
[2K[1A[2K[1A[2K[G▄▅▅▆▆▇▇██▇▇▆▆▅▅▄▄▃▃▂▂▁▁▁▁▂▂▃▃▄▄▅▅▆▆▇▇██▇▇▆▆▅▅▄▄▃▃▂▂▁▁▁▁▂▂▃▃▄▄▅▅▆▆▇▇██▇▇▆▆▅▅▄▄▃▃▂
Downloading files from remote theme [0%] ...
[2K[1A[2K[1A[2K[G▄▄▅▅▆▆▇▇██▇▇▆▆▅▅▄▄▃▃▂▂▁▁▁▁▂▂▃▃▄▄▅▅▆▆▇▇██▇▇▆▆▅▅▄▄▃▃▂▂▁▁▁▁▂▂▃▃▄▄▅▅▆▆▇▇██▇▇▆▆▅▅▄▄▃▃
Downloading files from remote theme [0%] ...
[2K[1A[2K[1A[2K[G▃▄▄▅▅▆▆▇▇██▇▇▆▆▅▅▄▄▃▃▂▂▁▁▁▁▂▂▃▃▄▄▅▅▆▆▇▇██▇▇▆▆▅▅▄▄▃▃▂▂▁▁▁▁▂▂▃▃▄▄▅▅▆▆▇▇██▇▇▆▆▅▅▄▄▃
Downloading files from remote theme [0%] ...
[2K[1A[2K[1A[2K[G▃▃▄▄▅▅▆▆▇▇██▇▇▆▆▅▅▄▄▃▃▂▂▁▁▁▁▂▂▃▃▄▄▅▅▆▆▇▇██▇▇▆▆▅▅▄▄▃▃▂▂▁▁▁▁▂▂▃▃▄▄▅▅▆▆▇▇██▇▇▆▆▅▅▄▄
Downloading files from remote theme [0%] ...
[2K[1A[2K[1A[2K[G▂▃▃▄▄▅▅▆▆▇▇██▇▇▆▆▅▅▄▄▃▃▂▂▁▁▁▁▂▂▃▃▄▄▅▅▆▆▇▇██▇▇▆▆▅▅▄▄▃▃▂▂▁▁▁▁▂▂▃▃▄▄▅▅▆▆▇▇██▇▇▆▆▅▅▄
Downloading files from remote theme [0%] ...
[2K[1A[2K[1A[2K[G▂▂▃▃▄▄▅▅▆▆▇▇██▇▇▆▆▅▅▄▄▃▃▂▂▁▁▁▁▂▂▃▃▄▄▅▅▆▆▇▇██▇▇▆▆▅▅▄▄▃▃▂▂▁▁▁▁▂▂▃▃▄▄▅▅▆▆▇▇██▇▇▆▆▅▅
Downloading files from remote theme [0%] ...
[2K[1A[2K[1A[2K[G▁▂▂▃▃▄▄▅▅▆▆▇▇██▇▇▆▆▅▅▄▄▃▃▂▂▁▁▁▁▂▂▃▃▄▄▅▅▆▆▇▇██▇▇▆▆▅▅▄▄▃▃▂▂▁▁▁▁▂▂▃▃▄▄▅▅▆▆▇▇██▇▇▆▆▅
Downloading files from remote theme [0%] ...
[2K[1A[2K[1A[2K[G▁▁▂▂▃▃▄▄▅▅▆▆▇▇██▇▇▆▆▅▅▄▄▃▃▂▂▁▁▁▁▂▂▃▃▄▄▅▅▆▆▇▇██▇▇▆▆▅▅▄▄▃▃▂▂▁▁▁▁▂▂▃▃▄▄▅▅▆▆▇▇██▇▇▆▆
Downloading files from remote theme [0%] ...
[2K[1A[2K[1A[2K[G▁▁▁▂▂▃▃▄▄▅▅▆▆▇▇██▇▇▆▆▅▅▄▄▃▃▂▂▁▁▁▁▂▂▃▃▄▄▅▅▆▆▇▇██▇▇▆▆▅▅▄▄▃▃▂▂▁▁▁▁▂▂▃▃▄▄▅▅▆▆▇▇██▇▇▆
Downloading files from remote theme [21%] ...
[2K[1A[2K[1A[2K[G▁▁▁▁▂▂▃▃▄▄▅▅▆▆▇▇██▇▇▆▆▅▅▄▄▃▃▂▂▁▁▁▁▂▂▃▃▄▄▅▅▆▆▇▇██▇▇▆▆▅▅▄▄▃▃▂▂▁▁▁▁▂▂▃▃▄▄▅▅▆▆▇▇██▇▇
Downloading files from remote theme [21%] ...
[2K[1A[2K[1A[2K[G▂▁▁▁▁▂▂▃▃▄▄▅▅▆▆▇▇██▇▇▆▆▅▅▄▄▃▃▂▂▁▁▁▁▂▂▃▃▄▄▅▅▆▆▇▇██▇▇▆▆▅▅▄▄▃▃▂▂▁▁▁▁▂▂▃▃▄▄▅▅▆▆▇▇██▇
Downloading files from remote theme [21%] ...
[2K[1A[2K[1A[2K[G▂▂▁▁▁▁▂▂▃▃▄▄▅▅▆▆▇▇██▇▇▆▆▅▅▄▄▃▃▂▂▁▁▁▁▂▂▃▃▄▄▅▅▆▆▇▇██▇▇▆▆▅▅▄▄▃▃▂▂▁▁▁▁▂▂▃▃▄▄▅▅▆▆▇▇██
Downloading files from remote theme [21%] ...
[2K[1A[2K[1A[2K[G▃▂▂▁▁▁▁▂▂▃▃▄▄▅▅▆▆▇▇██▇▇▆▆▅▅▄▄▃▃▂▂▁▁▁▁▂▂▃▃▄▄▅▅▆▆▇▇██▇▇▆▆▅▅▄▄▃▃▂▂▁▁▁▁▂▂▃▃▄▄▅▅▆▆▇▇█
Downloading files from remote theme [21%] ...
[2K[1A[2K[1A[2K[G▃▃▂▂▁▁▁▁▂▂▃▃▄▄▅▅▆▆▇▇██▇▇▆▆▅▅▄▄▃▃▂▂▁▁▁▁▂▂▃▃▄▄▅▅▆▆▇▇██▇▇▆▆▅▅▄▄▃▃▂▂▁▁▁▁▂▂▃▃▄▄▅▅▆▆▇▇
Downloading files from remote theme [21%] ...
[2K[1A[2K[1A[2K[G▄▃▃▂▂▁▁▁▁▂▂▃▃▄▄▅▅▆▆▇▇██▇▇▆▆▅▅▄▄▃▃▂▂▁▁▁▁▂▂▃▃▄▄▅▅▆▆▇▇██▇▇▆▆▅▅▄▄▃▃▂▂▁▁▁▁▂▂▃▃▄▄▅▅▆▆▇
Downloading files from remote theme [21%] ...
[2K[1A[2K[1A[2K[G▄▄▃▃▂▂▁▁▁▁▂▂▃▃▄▄▅▅▆▆▇▇██▇▇▆▆▅▅▄▄▃▃▂▂▁▁▁▁▂▂▃▃▄▄▅▅▆▆▇▇██▇▇▆▆▅▅▄▄▃▃▂▂▁▁▁▁▂▂▃▃▄▄▅▅▆▆
Downloading files from remote theme [21%] ...
[2K[1A[2K[1A[2K[G▅▄▄▃▃▂▂▁▁▁▁▂▂▃▃▄▄▅▅▆▆▇▇██▇▇▆▆▅▅▄▄▃▃▂▂▁▁▁▁▂▂▃▃▄▄▅▅▆▆▇▇██▇▇▆▆▅▅▄▄▃▃▂▂▁▁▁▁▂▂▃▃▄▄▅▅▆
Downloading files from remote theme [21%] ...
[2K[1A[2K[1A[2K[G▅▅▄▄▃▃▂▂▁▁▁▁▂▂▃▃▄▄▅▅▆▆▇▇██▇▇▆▆▅▅▄▄▃▃▂▂▁▁▁▁▂▂▃▃▄▄▅▅▆▆▇▇██▇▇▆▆▅▅▄▄▃▃▂▂▁▁▁▁▂▂▃▃▄▄▅▅
Downloading files from remote theme [21%] ...
[2K[1A[2K[1A[2K[G▆▅▅▄▄▃▃▂▂▁▁▁▁▂▂▃▃▄▄▅▅▆▆▇▇██▇▇▆▆▅▅▄▄▃▃▂▂▁▁▁▁▂▂▃▃▄▄▅▅▆▆▇▇██▇▇▆▆▅▅▄▄▃▃▂▂▁▁▁▁▂▂▃▃▄▄▅
Downloading files from remote theme [21%] ...
[2K[1A[2K[1A[2K[G▆▆▅▅▄▄▃▃▂▂▁▁▁▁▂▂▃▃▄▄▅▅▆▆▇▇██▇▇▆▆▅▅▄▄▃▃▂▂▁▁▁▁▂▂▃▃▄▄▅▅▆▆▇▇██▇▇▆▆▅▅▄▄▃▃▂▂▁▁▁▁▂▂▃▃▄▄
Downloading files from remote theme [21%] ...
[2K[1A[2K[1A[2K[G▇▆▆▅▅▄▄▃▃▂▂▁▁▁▁▂▂▃▃▄▄▅▅▆▆▇▇██▇▇▆▆▅▅▄▄▃▃▂▂▁▁▁▁▂▂▃▃▄▄▅▅▆▆▇▇██▇▇▆▆▅▅▄▄▃▃▂▂▁▁▁▁▂▂▃▃▄
Downloading files from remote theme [21%] ...
[2K[1A[2K[1A[2K[G▇▇▆▆▅▅▄▄▃▃▂▂▁▁▁▁▂▂▃▃▄▄▅▅▆▆▇▇██▇▇▆▆▅▅▄▄▃▃▂▂▁▁▁▁▂▂▃▃▄▄▅▅▆▆▇▇██▇▇▆▆▅▅▄▄▃▃▂▂▁▁▁▁▂▂▃▃
Downloading files from remote theme [21%] ...
[2K[1A[2K[1A[2K[G█▇▇▆▆▅▅▄▄▃▃▂▂▁▁▁▁▂▂▃▃▄▄▅▅▆▆▇▇██▇▇▆▆▅▅▄▄▃▃▂▂▁▁▁▁▂▂▃▃▄▄▅▅▆▆▇▇██▇▇▆▆▅▅▄▄▃▃▂▂▁▁▁▁▂▂▃
Downloading files from remote theme [21%] ...
[2K[1A[2K[1A[2K[G██▇▇▆▆▅▅▄▄▃▃▂▂▁▁▁▁▂▂▃▃▄▄▅▅▆▆▇▇██▇▇▆▆▅▅▄▄▃▃▂▂▁▁▁▁▂▂▃▃▄▄▅▅▆▆▇▇██▇▇▆▆▅▅▄▄▃▃▂▂▁▁▁▁▂▂
Downloading files from remote theme [21%] ...
[2K[1A[2K[1A[2K[G▇██▇▇▆▆▅▅▄▄▃▃▂▂▁▁▁▁▂▂▃▃▄▄▅▅▆▆▇▇██▇▇▆▆▅▅▄▄▃▃▂▂▁▁▁▁▂▂▃▃▄▄▅▅▆▆▇▇██▇▇▆▆▅▅▄▄▃▃▂▂▁▁▁▁▂
Downloading files from remote theme [21%] ...
[2K[1A[2K[1A[2K[G▇▇██▇▇▆▆▅▅▄▄▃▃▂▂▁▁▁▁▂▂▃▃▄▄▅▅▆▆▇▇██▇▇▆▆▅▅▄▄▃▃▂▂▁▁▁▁▂▂▃▃▄▄▅▅▆▆▇▇██▇▇▆▆▅▅▄▄▃▃▂▂▁▁▁▁
Downloading files from remote theme [21%] ...
[2K[1A[2K[1A[2K[G▆▇▇██▇▇▆▆▅▅▄▄▃▃▂▂▁▁▁▁▂▂▃▃▄▄▅▅▆▆▇▇██▇▇▆▆▅▅▄▄▃▃▂▂▁▁▁▁▂▂▃▃▄▄▅▅▆▆▇▇██▇▇▆▆▅▅▄▄▃▃▂▂▁▁▁
Downloading files from remote theme [21%] ...
[2K[1A[2K[1A[2K[G▆▆▇▇██▇▇▆▆▅▅▄▄▃▃▂▂▁▁▁▁▂▂▃▃▄▄▅▅▆▆▇▇██▇▇▆▆▅▅▄▄▃▃▂▂▁▁▁▁▂▂▃▃▄▄▅▅▆▆▇▇██▇▇▆▆▅▅▄▄▃▃▂▂▁▁
Downloading files from remote theme [21%] ...
[2K[1A[2K[1A[2K[G▅▆▆▇▇██▇▇▆▆▅▅▄▄▃▃▂▂▁▁▁▁▂▂▃▃▄▄▅▅▆▆▇▇██▇▇▆▆▅▅▄▄▃▃▂▂▁▁▁▁▂▂▃▃▄▄▅▅▆▆▇▇██▇▇▆▆▅▅▄▄▃▃▂▂▁
Downloading files from remote theme [21%] ...
[2K[1A[2K[1A[2K[G▅▅▆▆▇▇██▇▇▆▆▅▅▄▄▃▃▂▂▁▁▁▁▂▂▃▃▄▄▅▅▆▆▇▇██▇▇▆▆▅▅▄▄▃▃▂▂▁▁▁▁▂▂▃▃▄▄▅▅▆▆▇▇██▇▇▆▆▅▅▄▄▃▃▂▂
Downloading files from remote theme [21%] ...
[2K[1A[2K[1A[2K[G▄▅▅▆▆▇▇██▇▇▆▆▅▅▄▄▃▃▂▂▁▁▁▁▂▂▃▃▄▄▅▅▆▆▇▇██▇▇▆▆▅▅▄▄▃▃▂▂▁▁▁▁▂▂▃▃▄▄▅▅▆▆▇▇██▇▇▆▆▅▅▄▄▃▃▂
Downloading files from remote theme [21%] ...
[2K[1A[2K[1A[2K[G▄▄▅▅▆▆▇▇██▇▇▆▆▅▅▄▄▃▃▂▂▁▁▁▁▂▂▃▃▄▄▅▅▆▆▇▇██▇▇▆▆▅▅▄▄▃▃▂▂▁▁▁▁▂▂▃▃▄▄▅▅▆▆▇▇██▇▇▆▆▅▅▄▄▃▃
Downloading files from remote theme [21%] ...
[2K[1A[2K[1A[2K[G▃▄▄▅▅▆▆▇▇██▇▇▆▆▅▅▄▄▃▃▂▂▁▁▁▁▂▂▃▃▄▄▅▅▆▆▇▇██▇▇▆▆▅▅▄▄▃▃▂▂▁▁▁▁▂▂▃▃▄▄▅▅▆▆▇▇██▇▇▆▆▅▅▄▄▃
Downloading files from remote theme [21%] ...
[2K[1A[2K[1A[2K[G▃▃▄▄▅▅▆▆▇▇██▇▇▆▆▅▅▄▄▃▃▂▂▁▁▁▁▂▂▃▃▄▄▅▅▆▆▇▇██▇▇▆▆▅▅▄▄▃▃▂▂▁▁▁▁▂▂▃▃▄▄▅▅▆▆▇▇██▇▇▆▆▅▅▄▄
Downloading files from remote theme [21%] ...
[2K[1A[2K[1A[2K[G▂▃▃▄▄▅▅▆▆▇▇██▇▇▆▆▅▅▄▄▃▃▂▂▁▁▁▁▂▂▃▃▄▄▅▅▆▆▇▇██▇▇▆▆▅▅▄▄▃▃▂▂▁▁▁▁▂▂▃▃▄▄▅▅▆▆▇▇██▇▇▆▆▅▅▄
Downloading files from remote theme [21%] ...
[2K[1A[2K[1A[2K[G▂▂▃▃▄▄▅▅▆▆▇▇██▇▇▆▆▅▅▄▄▃▃▂▂▁▁▁▁▂▂▃▃▄▄▅▅▆▆▇▇██▇▇▆▆▅▅▄▄▃▃▂▂▁▁▁▁▂▂▃▃▄▄▅▅▆▆▇▇██▇▇▆▆▅▅
Downloading files from remote theme [21%] ...
[2K[1A[2K[1A[2K[G▁▂▂▃▃▄▄▅▅▆▆▇▇██▇▇▆▆▅▅▄▄▃▃▂▂▁▁▁▁▂▂▃▃▄▄▅▅▆▆▇▇██▇▇▆▆▅▅▄▄▃▃▂▂▁▁▁▁▂▂▃▃▄▄▅▅▆▆▇▇██▇▇▆▆▅
Downloading files from remote theme [21%] ...
[2K[1A[2K[1A[2K[G▁▁▂▂▃▃▄▄▅▅▆▆▇▇██▇▇▆▆▅▅▄▄▃▃▂▂▁▁▁▁▂▂▃▃▄▄▅▅▆▆▇▇██▇▇▆▆▅▅▄▄▃▃▂▂▁▁▁▁▂▂▃▃▄▄▅▅▆▆▇▇██▇▇▆▆
Downloading files from remote theme [21%] ...
[2K[1A[2K[1A[2K[G▁▁▁▂▂▃▃▄▄▅▅▆▆▇▇██▇▇▆▆▅▅▄▄▃▃▂▂▁▁▁▁▂▂▃▃▄▄▅▅▆▆▇▇██▇▇▆▆▅▅▄▄▃▃▂▂▁▁▁▁▂▂▃▃▄▄▅▅▆▆▇▇██▇▇▆
Downloading files from remote theme [21%] ...
[2K[1A[2K[1A[2K[G▁▁▁▁▂▂▃▃▄▄▅▅▆▆▇▇██▇▇▆▆▅▅▄▄▃▃▂▂▁▁▁▁▂▂▃▃▄▄▅▅▆▆▇▇██▇▇▆▆▅▅▄▄▃▃▂▂▁▁▁▁▂▂▃▃▄▄▅▅▆▆▇▇██▇▇
Downloading files from remote theme [21%] ...
[2K[1A[2K[1A[2K[G▂▁▁▁▁▂▂▃▃▄▄▅▅▆▆▇▇██▇▇▆▆▅▅▄▄▃▃▂▂▁▁▁▁▂▂▃▃▄▄▅▅▆▆▇▇██▇▇▆▆▅▅▄▄▃▃▂▂▁▁▁▁▂▂▃▃▄▄▅▅▆▆▇▇██▇
Downloading files from remote theme [21%] ...
[2K[1A[2K[1A[2K[G▂▂▁▁▁▁▂▂▃▃▄▄▅▅▆▆▇▇██▇▇▆▆▅▅▄▄▃▃▂▂▁▁▁▁▂▂▃▃▄▄▅▅▆▆▇▇██▇▇▆▆▅▅▄▄▃▃▂▂▁▁▁▁▂▂▃▃▄▄▅▅▆▆▇▇██
Downloading files from remote theme [21%] ...
[2K[1A[2K[1A[2K[G▃▂▂▁▁▁▁▂▂▃▃▄▄▅▅▆▆▇▇██▇▇▆▆▅▅▄▄▃▃▂▂▁▁▁▁▂▂▃▃▄▄▅▅▆▆▇▇██▇▇▆▆▅▅▄▄▃▃▂▂▁▁▁▁▂▂▃▃▄▄▅▅▆▆▇▇█
Downloading files from remote theme [21%] ...
[2K[1A[2K[1A[2K[G▃▃▂▂▁▁▁▁▂▂▃▃▄▄▅▅▆▆▇▇██▇▇▆▆▅▅▄▄▃▃▂▂▁▁▁▁▂▂▃▃▄▄▅▅▆▆▇▇██▇▇▆▆▅▅▄▄▃▃▂▂▁▁▁▁▂▂▃▃▄▄▅▅▆▆▇▇
Downloading files from remote theme [21%] ...
[2K[1A[2K[1A[2K[G▄▃▃▂▂▁▁▁▁▂▂▃▃▄▄▅▅▆▆▇▇██▇▇▆▆▅▅▄▄▃▃▂▂▁▁▁▁▂▂▃▃▄▄▅▅▆▆▇▇██▇▇▆▆▅▅▄▄▃▃▂▂▁▁▁▁▂▂▃▃▄▄▅▅▆▆▇
Downloading files from remote theme [21%] ...
[2K[1A[2K[1A[2K[G▄▄▃▃▂▂▁▁▁▁▂▂▃▃▄▄▅▅▆▆▇▇██▇▇▆▆▅▅▄▄▃▃▂▂▁▁▁▁▂▂▃▃▄▄▅▅▆▆▇▇██▇▇▆▆▅▅▄▄▃▃▂▂▁▁▁▁▂▂▃▃▄▄▅▅▆▆
Downloading files from remote theme [21%] ...
[2K[1A[2K[1A[2K[G▅▄▄▃▃▂▂▁▁▁▁▂▂▃▃▄▄▅▅▆▆▇▇██▇▇▆▆▅▅▄▄▃▃▂▂▁▁▁▁▂▂▃▃▄▄▅▅▆▆▇▇██▇▇▆▆▅▅▄▄▃▃▂▂▁▁▁▁▂▂▃▃▄▄▅▅▆
Downloading files from remote theme [21%] ...
[2K[1A[2K[1A[2K[G▅▅▄▄▃▃▂▂▁▁▁▁▂▂▃▃▄▄▅▅▆▆▇▇██▇▇▆▆▅▅▄▄▃▃▂▂▁▁▁▁▂▂▃▃▄▄▅▅▆▆▇▇██▇▇▆▆▅▅▄▄▃▃▂▂▁▁▁▁▂▂▃▃▄▄▅▅
Downloading files from remote theme [21%] ...
[2K[1A[2K[1A[2K[G▆▅▅▄▄▃▃▂▂▁▁▁▁▂▂▃▃▄▄▅▅▆▆▇▇██▇▇▆▆▅▅▄▄▃▃▂▂▁▁▁▁▂▂▃▃▄▄▅▅▆▆▇▇██▇▇▆▆▅▅▄▄▃▃▂▂▁▁▁▁▂▂▃▃▄▄▅
Downloading files from remote theme [21%] ...
[2K[1A[2K[1A[2K[G▆▆▅▅▄▄▃▃▂▂▁▁▁▁▂▂▃▃▄▄▅▅▆▆▇▇██▇▇▆▆▅▅▄▄▃▃▂▂▁▁▁▁▂▂▃▃▄▄▅▅▆▆▇▇██▇▇▆▆▅▅▄▄▃▃▂▂▁▁▁▁▂▂▃▃▄▄
Downloading files from remote theme [21%] ...
[2K[1A[2K[1A[2K[G▇▆▆▅▅▄▄▃▃▂▂▁▁▁▁▂▂▃▃▄▄▅▅▆▆▇▇██▇▇▆▆▅▅▄▄▃▃▂▂▁▁▁▁▂▂▃▃▄▄▅▅▆▆▇▇██▇▇▆▆▅▅▄▄▃▃▂▂▁▁▁▁▂▂▃▃▄
Downloading files from remote theme [21%] ...
[2K[1A[2K[1A[2K[G▇▇▆▆▅▅▄▄▃▃▂▂▁▁▁▁▂▂▃▃▄▄▅▅▆▆▇▇██▇▇▆▆▅▅▄▄▃▃▂▂▁▁▁▁▂▂▃▃▄▄▅▅▆▆▇▇██▇▇▆▆▅▅▄▄▃▃▂▂▁▁▁▁▂▂▃▃
Downloading files from remote theme [21%] ...
[2K[1A[2K[1A[2K[G█▇▇▆▆▅▅▄▄▃▃▂▂▁▁▁▁▂▂▃▃▄▄▅▅▆▆▇▇██▇▇▆▆▅▅▄▄▃▃▂▂▁▁▁▁▂▂▃▃▄▄▅▅▆▆▇▇██▇▇▆▆▅▅▄▄▃▃▂▂▁▁▁▁▂▂▃
Downloading files from remote theme [21%] ...
[2K[1A[2K[1A[2K[G██▇▇▆▆▅▅▄▄▃▃▂▂▁▁▁▁▂▂▃▃▄▄▅▅▆▆▇▇██▇▇▆▆▅▅▄▄▃▃▂▂▁▁▁▁▂▂▃▃▄▄▅▅▆▆▇▇██▇▇▆▆▅▅▄▄▃▃▂▂▁▁▁▁▂▂
Downloading files from remote theme [21%] ...
[2K[1A[2K[1A[2K[G▇██▇▇▆▆▅▅▄▄▃▃▂▂▁▁▁▁▂▂▃▃▄▄▅▅▆▆▇▇██▇▇▆▆▅▅▄▄▃▃▂▂▁▁▁▁▂▂▃▃▄▄▅▅▆▆▇▇██▇▇▆▆▅▅▄▄▃▃▂▂▁▁▁▁▂
Downloading files from remote theme [21%] ...
[2K[1A[2K[1A[2K[G▇▇██▇▇▆▆▅▅▄▄▃▃▂▂▁▁▁▁▂▂▃▃▄▄▅▅▆▆▇▇██▇▇▆▆▅▅▄▄▃▃▂▂▁▁▁▁▂▂▃▃▄▄▅▅▆▆▇▇██▇▇▆▆▅▅▄▄▃▃▂▂▁▁▁▁
Downloading files from remote theme [21%] ...
[2K[1A[2K[1A[2K[G▆▇▇██▇▇▆▆▅▅▄▄▃▃▂▂▁▁▁▁▂▂▃▃▄▄▅▅▆▆▇▇██▇▇▆▆▅▅▄▄▃▃▂▂▁▁▁▁▂▂▃▃▄▄▅▅▆▆▇▇██▇▇▆▆▅▅▄▄▃▃▂▂▁▁▁
Downloading files from remote theme [21%] ...
[2K[1A[2K[1A[2K[G▆▆▇▇██▇▇▆▆▅▅▄▄▃▃▂▂▁▁▁▁▂▂▃▃▄▄▅▅▆▆▇▇██▇▇▆▆▅▅▄▄▃▃▂▂▁▁▁▁▂▂▃▃▄▄▅▅▆▆▇▇██▇▇▆▆▅▅▄▄▃▃▂▂▁▁
Downloading files from remote theme [21%] ...
[2K[1A[2K[1A[2K[G▅▆▆▇▇██▇▇▆▆▅▅▄▄▃▃▂▂▁▁▁▁▂▂▃▃▄▄▅▅▆▆▇▇██▇▇▆▆▅▅▄▄▃▃▂▂▁▁▁▁▂▂▃▃▄▄▅▅▆▆▇▇██▇▇▆▆▅▅▄▄▃▃▂▂▁
Downloading files from remote theme [21%] ...
[2K[1A[2K[1A[2K[G▅▅▆▆▇▇██▇▇▆▆▅▅▄▄▃▃▂▂▁▁▁▁▂▂▃▃▄▄▅▅▆▆▇▇██▇▇▆▆▅▅▄▄▃▃▂▂▁▁▁▁▂▂▃▃▄▄▅▅▆▆▇▇██▇▇▆▆▅▅▄▄▃▃▂▂
Downloading files from remote theme [21%] ...
[2K[1A[2K[1A[2K[G▄▅▅▆▆▇▇██▇▇▆▆▅▅▄▄▃▃▂▂▁▁▁▁▂▂▃▃▄▄▅▅▆▆▇▇██▇▇▆▆▅▅▄▄▃▃▂▂▁▁▁▁▂▂▃▃▄▄▅▅▆▆▇▇██▇▇▆▆▅▅▄▄▃▃▂
Downloading files from remote theme [21%] ...
[2K[1A[2K[1A[2K[G▄▄▅▅▆▆▇▇██▇▇▆▆▅▅▄▄▃▃▂▂▁▁▁▁▂▂▃▃▄▄▅▅▆▆▇▇██▇▇▆▆▅▅▄▄▃▃▂▂▁▁▁▁▂▂▃▃▄▄▅▅▆▆▇▇██▇▇▆▆▅▅▄▄▃▃
Downloading files from remote theme [21%] ...
[2K[1A[2K[1A[2K[G▃▄▄▅▅▆▆▇▇██▇▇▆▆▅▅▄▄▃▃▂▂▁▁▁▁▂▂▃▃▄▄▅▅▆▆▇▇██▇▇▆▆▅▅▄▄▃▃▂▂▁▁▁▁▂▂▃▃▄▄▅▅▆▆▇▇██▇▇▆▆▅▅▄▄▃
Downloading files from remote theme [21%] ...
[2K[1A[2K[1A[2K[G▃▃▄▄▅▅▆▆▇▇██▇▇▆▆▅▅▄▄▃▃▂▂▁▁▁▁▂▂▃▃▄▄▅▅▆▆▇▇██▇▇▆▆▅▅▄▄▃▃▂▂▁▁▁▁▂▂▃▃▄▄▅▅▆▆▇▇██▇▇▆▆▅▅▄▄
Downloading files from remote theme [21%] ...
[2K[1A[2K[1A[2K[G▂▃▃▄▄▅▅▆▆▇▇██▇▇▆▆▅▅▄▄▃▃▂▂▁▁▁▁▂▂▃▃▄▄▅▅▆▆▇▇██▇▇▆▆▅▅▄▄▃▃▂▂▁▁▁▁▂▂▃▃▄▄▅▅▆▆▇▇██▇▇▆▆▅▅▄
Downloading files from remote theme [21%] ...
[2K[1A[2K[1A[2K[G▂▂▃▃▄▄▅▅▆▆▇▇██▇▇▆▆▅▅▄▄▃▃▂▂▁▁▁▁▂▂▃▃▄▄▅▅▆▆▇▇██▇▇▆▆▅▅▄▄▃▃▂▂▁▁▁▁▂▂▃▃▄▄▅▅▆▆▇▇██▇▇▆▆▅▅
Downloading files from remote theme [21%] ...
[2K[1A[2K[1A[2K[G▁▂▂▃▃▄▄▅▅▆▆▇▇██▇▇▆▆▅▅▄▄▃▃▂▂▁▁▁▁▂▂▃▃▄▄▅▅▆▆▇▇██▇▇▆▆▅▅▄▄▃▃▂▂▁▁▁▁▂▂▃▃▄▄▅▅▆▆▇▇██▇▇▆▆▅
Downloading files from remote theme [21%] ...
[2K[1A[2K[1A[2K[G▁▁▂▂▃▃▄▄▅▅▆▆▇▇██▇▇▆▆▅▅▄▄▃▃▂▂▁▁▁▁▂▂▃▃▄▄▅▅▆▆▇▇██▇▇▆▆▅▅▄▄▃▃▂▂▁▁▁▁▂▂▃▃▄▄▅▅▆▆▇▇██▇▇▆▆
Downloading files from remote theme [21%] ...
[2K[1A[2K[1A[2K[G▁▁▁▂▂▃▃▄▄▅▅▆▆▇▇██▇▇▆▆▅▅▄▄▃▃▂▂▁▁▁▁▂▂▃▃▄▄▅▅▆▆▇▇██▇▇▆▆▅▅▄▄▃▃▂▂▁▁▁▁▂▂▃▃▄▄▅▅▆▆▇▇██▇▇▆
Downloading files from remote theme [21%] ...
[2K[1A[2K[1A[2K[G▁▁▁▁▂▂▃▃▄▄▅▅▆▆▇▇██▇▇▆▆▅▅▄▄▃▃▂▂▁▁▁▁▂▂▃▃▄▄▅▅▆▆▇▇██▇▇▆▆▅▅▄▄▃▃▂▂▁▁▁▁▂▂▃▃▄▄▅▅▆▆▇▇██▇▇
Downloading files from remote theme [21%] ...
[2K[1A[2K[1A[2K[G▂▁▁▁▁▂▂▃▃▄▄▅▅▆▆▇▇██▇▇▆▆▅▅▄▄▃▃▂▂▁▁▁▁▂▂▃▃▄▄▅▅▆▆▇▇██▇▇▆▆▅▅▄▄▃▃▂▂▁▁▁▁▂▂▃▃▄▄▅▅▆▆▇▇██▇
Downloading files from remote theme [21%] ...
[2K[1A[2K[1A[2K[G▂▂▁▁▁▁▂▂▃▃▄▄▅▅▆▆▇▇██▇▇▆▆▅▅▄▄▃▃▂▂▁▁▁▁▂▂▃▃▄▄▅▅▆▆▇▇██▇▇▆▆▅▅▄▄▃▃▂▂▁▁▁▁▂▂▃▃▄▄▅▅▆▆▇▇██
Downloading files from remote theme [21%] ...
[2K[1A[2K[1A[2K[G▃▂▂▁▁▁▁▂▂▃▃▄▄▅▅▆▆▇▇██▇▇▆▆▅▅▄▄▃▃▂▂▁▁▁▁▂▂▃▃▄▄▅▅▆▆▇▇██▇▇▆▆▅▅▄▄▃▃▂▂▁▁▁▁▂▂▃▃▄▄▅▅▆▆▇▇█
Downloading files from remote theme [21%] ...
[2K[1A[2K[1A[2K[G▃▃▂▂▁▁▁▁▂▂▃▃▄▄▅▅▆▆▇▇██▇▇▆▆▅▅▄▄▃▃▂▂▁▁▁▁▂▂▃▃▄▄▅▅▆▆▇▇██▇▇▆▆▅▅▄▄▃▃▂▂▁▁▁▁▂▂▃▃▄▄▅▅▆▆▇▇
Downloading files from remote theme [21%] ...
[2K[1A[2K[1A[2K[G▄▃▃▂▂▁▁▁▁▂▂▃▃▄▄▅▅▆▆▇▇██▇▇▆▆▅▅▄▄▃▃▂▂▁▁▁▁▂▂▃▃▄▄▅▅▆▆▇▇██▇▇▆▆▅▅▄▄▃▃▂▂▁▁▁▁▂▂▃▃▄▄▅▅▆▆▇
Downloading files from remote theme [42%] ...
[2K[1A[2K[1A[2K[G▄▄▃▃▂▂▁▁▁▁▂▂▃▃▄▄▅▅▆▆▇▇██▇▇▆▆▅▅▄▄▃▃▂▂▁▁▁▁▂▂▃▃▄▄▅▅▆▆▇▇██▇▇▆▆▅▅▄▄▃▃▂▂▁▁▁▁▂▂▃▃▄▄▅▅▆▆
Downloading files from remote theme [42%] ...
[2K[1A[2K[1A[2K[G▅▄▄▃▃▂▂▁▁▁▁▂▂▃▃▄▄▅▅▆▆▇▇██▇▇▆▆▅▅▄▄▃▃▂▂▁▁▁▁▂▂▃▃▄▄▅▅▆▆▇▇██▇▇▆▆▅▅▄▄▃▃▂▂▁▁▁▁▂▂▃▃▄▄▅▅▆
Downloading files from remote theme [42%] ...
[2K[1A[2K[1A[2K[G▅▅▄▄▃▃▂▂▁▁▁▁▂▂▃▃▄▄▅▅▆▆▇▇██▇▇▆▆▅▅▄▄▃▃▂▂▁▁▁▁▂▂▃▃▄▄▅▅▆▆▇▇██▇▇▆▆▅▅▄▄▃▃▂▂▁▁▁▁▂▂▃▃▄▄▅▅
Downloading files from remote theme [42%] ...
[2K[1A[2K[1A[2K[G▆▅▅▄▄▃▃▂▂▁▁▁▁▂▂▃▃▄▄▅▅▆▆▇▇██▇▇▆▆▅▅▄▄▃▃▂▂▁▁▁▁▂▂▃▃▄▄▅▅▆▆▇▇██▇▇▆▆▅▅▄▄▃▃▂▂▁▁▁▁▂▂▃▃▄▄▅
Downloading files from remote theme [42%] ...
[2K[1A[2K[1A[2K[G▆▆▅▅▄▄▃▃▂▂▁▁▁▁▂▂▃▃▄▄▅▅▆▆▇▇██▇▇▆▆▅▅▄▄▃▃▂▂▁▁▁▁▂▂▃▃▄▄▅▅▆▆▇▇██▇▇▆▆▅▅▄▄▃▃▂▂▁▁▁▁▂▂▃▃▄▄
Downloading files from remote theme [42%] ...
[2K[1A[2K[1A[2K[G▇▆▆▅▅▄▄▃▃▂▂▁▁▁▁▂▂▃▃▄▄▅▅▆▆▇▇██▇▇▆▆▅▅▄▄▃▃▂▂▁▁▁▁▂▂▃▃▄▄▅▅▆▆▇▇██▇▇▆▆▅▅▄▄▃▃▂▂▁▁▁▁▂▂▃▃▄
Downloading files from remote theme [42%] ...
[2K[1A[2K[1A[2K[G▇▇▆▆▅▅▄▄▃▃▂▂▁▁▁▁▂▂▃▃▄▄▅▅▆▆▇▇██▇▇▆▆▅▅▄▄▃▃▂▂▁▁▁▁▂▂▃▃▄▄▅▅▆▆▇▇██▇▇▆▆▅▅▄▄▃▃▂▂▁▁▁▁▂▂▃▃
Downloading files from remote theme [42%] ...
[2K[1A[2K[1A[2K[G█▇▇▆▆▅▅▄▄▃▃▂▂▁▁▁▁▂▂▃▃▄▄▅▅▆▆▇▇██▇▇▆▆▅▅▄▄▃▃▂▂▁▁▁▁▂▂▃▃▄▄▅▅▆▆▇▇██▇▇▆▆▅▅▄▄▃▃▂▂▁▁▁▁▂▂▃
Downloading files from remote theme [42%] ...
[2K[1A[2K[1A[2K[G██▇▇▆▆▅▅▄▄▃▃▂▂▁▁▁▁▂▂▃▃▄▄▅▅▆▆▇▇██▇▇▆▆▅▅▄▄▃▃▂▂▁▁▁▁▂▂▃▃▄▄▅▅▆▆▇▇██▇▇▆▆▅▅▄▄▃▃▂▂▁▁▁▁▂▂
Downloading files from remote theme [42%] ...
[2K[1A[2K[1A[2K[G▇██▇▇▆▆▅▅▄▄▃▃▂▂▁▁▁▁▂▂▃▃▄▄▅▅▆▆▇▇██▇▇▆▆▅▅▄▄▃▃▂▂▁▁▁▁▂▂▃▃▄▄▅▅▆▆▇▇██▇▇▆▆▅▅▄▄▃▃▂▂▁▁▁▁▂
Downloading files from remote theme [42%] ...
[2K[1A[2K[1A[2K[G▇▇██▇▇▆▆▅▅▄▄▃▃▂▂▁▁▁▁▂▂▃▃▄▄▅▅▆▆▇▇██▇▇▆▆▅▅▄▄▃▃▂▂▁▁▁▁▂▂▃▃▄▄▅▅▆▆▇▇██▇▇▆▆▅▅▄▄▃▃▂▂▁▁▁▁
Downloading files from remote theme [42%] ...
[2K[1A[2K[1A[2K[G▆▇▇██▇▇▆▆▅▅▄▄▃▃▂▂▁▁▁▁▂▂▃▃▄▄▅▅▆▆▇▇██▇▇▆▆▅▅▄▄▃▃▂▂▁▁▁▁▂▂▃▃▄▄▅▅▆▆▇▇██▇▇▆▆▅▅▄▄▃▃▂▂▁▁▁
Downloading files from remote theme [42%] ...
[2K[1A[2K[1A[2K[G▆▆▇▇██▇▇▆▆▅▅▄▄▃▃▂▂▁▁▁▁▂▂▃▃▄▄▅▅▆▆▇▇██▇▇▆▆▅▅▄▄▃▃▂▂▁▁▁▁▂▂▃▃▄▄▅▅▆▆▇▇██▇▇▆▆▅▅▄▄▃▃▂▂▁▁
Downloading files from remote theme [42%] ...
[2K[1A[2K[1A[2K[G▅▆▆▇▇██▇▇▆▆▅▅▄▄▃▃▂▂▁▁▁▁▂▂▃▃▄▄▅▅▆▆▇▇██▇▇▆▆▅▅▄▄▃▃▂▂▁▁▁▁▂▂▃▃▄▄▅▅▆▆▇▇██▇▇▆▆▅▅▄▄▃▃▂▂▁
Downloading files from remote theme [42%] ...
[2K[1A[2K[1A[2K[G▅▅▆▆▇▇██▇▇▆▆▅▅▄▄▃▃▂▂▁▁▁▁▂▂▃▃▄▄▅▅▆▆▇▇██▇▇▆▆▅▅▄▄▃▃▂▂▁▁▁▁▂▂▃▃▄▄▅▅▆▆▇▇██▇▇▆▆▅▅▄▄▃▃▂▂
Downloading files from remote theme [42%] ...
[2K[1A[2K[1A[2K[G▄▅▅▆▆▇▇██▇▇▆▆▅▅▄▄▃▃▂▂▁▁▁▁▂▂▃▃▄▄▅▅▆▆▇▇██▇▇▆▆▅▅▄▄▃▃▂▂▁▁▁▁▂▂▃▃▄▄▅▅▆▆▇▇██▇▇▆▆▅▅▄▄▃▃▂
Downloading files from remote theme [42%] ...
[2K[1A[2K[1A[2K[G▄▄▅▅▆▆▇▇██▇▇▆▆▅▅▄▄▃▃▂▂▁▁▁▁▂▂▃▃▄▄▅▅▆▆▇▇██▇▇▆▆▅▅▄▄▃▃▂▂▁▁▁▁▂▂▃▃▄▄▅▅▆▆▇▇██▇▇▆▆▅▅▄▄▃▃
Downloading files from remote theme [42%] ...
[2K[1A[2K[1A[2K[G▃▄▄▅▅▆▆▇▇██▇▇▆▆▅▅▄▄▃▃▂▂▁▁▁▁▂▂▃▃▄▄▅▅▆▆▇▇██▇▇▆▆▅▅▄▄▃▃▂▂▁▁▁▁▂▂▃▃▄▄▅▅▆▆▇▇██▇▇▆▆▅▅▄▄▃
Downloading files from remote theme [42%] ...
[2K[1A[2K[1A[2K[G▃▃▄▄▅▅▆▆▇▇██▇▇▆▆▅▅▄▄▃▃▂▂▁▁▁▁▂▂▃▃▄▄▅▅▆▆▇▇██▇▇▆▆▅▅▄▄▃▃▂▂▁▁▁▁▂▂▃▃▄▄▅▅▆▆▇▇██▇▇▆▆▅▅▄▄
Downloading files from remote theme [42%] ...
[2K[1A[2K[1A[2K[G▂▃▃▄▄▅▅▆▆▇▇██▇▇▆▆▅▅▄▄▃▃▂▂▁▁▁▁▂▂▃▃▄▄▅▅▆▆▇▇██▇▇▆▆▅▅▄▄▃▃▂▂▁▁▁▁▂▂▃▃▄▄▅▅▆▆▇▇██▇▇▆▆▅▅▄
Downloading files from remote theme [42%] ...
[2K[1A[2K[1A[2K[G▂▂▃▃▄▄▅▅▆▆▇▇██▇▇▆▆▅▅▄▄▃▃▂▂▁▁▁▁▂▂▃▃▄▄▅▅▆▆▇▇██▇▇▆▆▅▅▄▄▃▃▂▂▁▁▁▁▂▂▃▃▄▄▅▅▆▆▇▇██▇▇▆▆▅▅
Downloading files from remote theme [42%] ...
[2K[1A[2K[1A[2K[G▁▂▂▃▃▄▄▅▅▆▆▇▇██▇▇▆▆▅▅▄▄▃▃▂▂▁▁▁▁▂▂▃▃▄▄▅▅▆▆▇▇██▇▇▆▆▅▅▄▄▃▃▂▂▁▁▁▁▂▂▃▃▄▄▅▅▆▆▇▇██▇▇▆▆▅
Downloading files from remote theme [42%] ...
[2K[1A[2K[1A[2K[G▁▁▂▂▃▃▄▄▅▅▆▆▇▇██▇▇▆▆▅▅▄▄▃▃▂▂▁▁▁▁▂▂▃▃▄▄▅▅▆▆▇▇██▇▇▆▆▅▅▄▄▃▃▂▂▁▁▁▁▂▂▃▃▄▄▅▅▆▆▇▇██▇▇▆▆
Downloading files from remote theme [42%] ...
[2K[1A[2K[1A[2K[G▁▁▁▂▂▃▃▄▄▅▅▆▆▇▇██▇▇▆▆▅▅▄▄▃▃▂▂▁▁▁▁▂▂▃▃▄▄▅▅▆▆▇▇██▇▇▆▆▅▅▄▄▃▃▂▂▁▁▁▁▂▂▃▃▄▄▅▅▆▆▇▇██▇▇▆
Downloading files from remote theme [42%] ...
[2K[1A[2K[1A[2K[G▁▁▁▁▂▂▃▃▄▄▅▅▆▆▇▇██▇▇▆▆▅▅▄▄▃▃▂▂▁▁▁▁▂▂▃▃▄▄▅▅▆▆▇▇██▇▇▆▆▅▅▄▄▃▃▂▂▁▁▁▁▂▂▃▃▄▄▅▅▆▆▇▇██▇▇
Downloading files from remote theme [42%] ...
[2K[1A[2K[1A[2K[G▂▁▁▁▁▂▂▃▃▄▄▅▅▆▆▇▇██▇▇▆▆▅▅▄▄▃▃▂▂▁▁▁▁▂▂▃▃▄▄▅▅▆▆▇▇██▇▇▆▆▅▅▄▄▃▃▂▂▁▁▁▁▂▂▃▃▄▄▅▅▆▆▇▇██▇
Downloading files from remote theme [42%] ...
[2K[1A[2K[1A[2K[G▂▂▁▁▁▁▂▂▃▃▄▄▅▅▆▆▇▇██▇▇▆▆▅▅▄▄▃▃▂▂▁▁▁▁▂▂▃▃▄▄▅▅▆▆▇▇██▇▇▆▆▅▅▄▄▃▃▂▂▁▁▁▁▂▂▃▃▄▄▅▅▆▆▇▇██
Downloading files from remote theme [63%] ...
[2K[1A[2K[1A[2K[G▃▂▂▁▁▁▁▂▂▃▃▄▄▅▅▆▆▇▇██▇▇▆▆▅▅▄▄▃▃▂▂▁▁▁▁▂▂▃▃▄▄▅▅▆▆▇▇██▇▇▆▆▅▅▄▄▃▃▂▂▁▁▁▁▂▂▃▃▄▄▅▅▆▆▇▇█
Downloading files from remote theme [63%] ...
[2K[1A[2K[1A[2K[G▃▃▂▂▁▁▁▁▂▂▃▃▄▄▅▅▆▆▇▇██▇▇▆▆▅▅▄▄▃▃▂▂▁▁▁▁▂▂▃▃▄▄▅▅▆▆▇▇██▇▇▆▆▅▅▄▄▃▃▂▂▁▁▁▁▂▂▃▃▄▄▅▅▆▆▇▇
Downloading files from remote theme [63%] ...
[2K[1A[2K[1A[2K[G▄▃▃▂▂▁▁▁▁▂▂▃▃▄▄▅▅▆▆▇▇██▇▇▆▆▅▅▄▄▃▃▂▂▁▁▁▁▂▂▃▃▄▄▅▅▆▆▇▇██▇▇▆▆▅▅▄▄▃▃▂▂▁▁▁▁▂▂▃▃▄▄▅▅▆▆▇
Downloading files from remote theme [63%] ...
[2K[1A[2K[1A[2K[G▄▄▃▃▂▂▁▁▁▁▂▂▃▃▄▄▅▅▆▆▇▇██▇▇▆▆▅▅▄▄▃▃▂▂▁▁▁▁▂▂▃▃▄▄▅▅▆▆▇▇██▇▇▆▆▅▅▄▄▃▃▂▂▁▁▁▁▂▂▃▃▄▄▅▅▆▆
Downloading files from remote theme [63%] ...
[2K[1A[2K[1A[2K[G▅▄▄▃▃▂▂▁▁▁▁▂▂▃▃▄▄▅▅▆▆▇▇██▇▇▆▆▅▅▄▄▃▃▂▂▁▁▁▁▂▂▃▃▄▄▅▅▆▆▇▇██▇▇▆▆▅▅▄▄▃▃▂▂▁▁▁▁▂▂▃▃▄▄▅▅▆
Downloading files from remote theme [63%] ...
[2K[1A[2K[1A[2K[G▅▅▄▄▃▃▂▂▁▁▁▁▂▂▃▃▄▄▅▅▆▆▇▇██▇▇▆▆▅▅▄▄▃▃▂▂▁▁▁▁▂▂▃▃▄▄▅▅▆▆▇▇██▇▇▆▆▅▅▄▄▃▃▂▂▁▁▁▁▂▂▃▃▄▄▅▅
Downloading files from remote theme [63%] ...
[2K[1A[2K[1A[2K[G▆▅▅▄▄▃▃▂▂▁▁▁▁▂▂▃▃▄▄▅▅▆▆▇▇██▇▇▆▆▅▅▄▄▃▃▂▂▁▁▁▁▂▂▃▃▄▄▅▅▆▆▇▇██▇▇▆▆▅▅▄▄▃▃▂▂▁▁▁▁▂▂▃▃▄▄▅
Downloading files from remote theme [63%] ...
[2K[1A[2K[1A[2K[G▆▆▅▅▄▄▃▃▂▂▁▁▁▁▂▂▃▃▄▄▅▅▆▆▇▇██▇▇▆▆▅▅▄▄▃▃▂▂▁▁▁▁▂▂▃▃▄▄▅▅▆▆▇▇██▇▇▆▆▅▅▄▄▃▃▂▂▁▁▁▁▂▂▃▃▄▄
Downloading files from remote theme [63%] ...
[2K[1A[2K[1A[2K[G▇▆▆▅▅▄▄▃▃▂▂▁▁▁▁▂▂▃▃▄▄▅▅▆▆▇▇██▇▇▆▆▅▅▄▄▃▃▂▂▁▁▁▁▂▂▃▃▄▄▅▅▆▆▇▇██▇▇▆▆▅▅▄▄▃▃▂▂▁▁▁▁▂▂▃▃▄
Downloading files from remote theme [63%] ...
[2K[1A[2K[1A[2K[G▇▇▆▆▅▅▄▄▃▃▂▂▁▁▁▁▂▂▃▃▄▄▅▅▆▆▇▇██▇▇▆▆▅▅▄▄▃▃▂▂▁▁▁▁▂▂▃▃▄▄▅▅▆▆▇▇██▇▇▆▆▅▅▄▄▃▃▂▂▁▁▁▁▂▂▃▃
Downloading files from remote theme [63%] ...
[2K[1A[2K[1A[2K[G█▇▇▆▆▅▅▄▄▃▃▂▂▁▁▁▁▂▂▃▃▄▄▅▅▆▆▇▇██▇▇▆▆▅▅▄▄▃▃▂▂▁▁▁▁▂▂▃▃▄▄▅▅▆▆▇▇██▇▇▆▆▅▅▄▄▃▃▂▂▁▁▁▁▂▂▃
Downloading files from remote theme [63%] ...
[2K[1A[2K[1A[2K[G██▇▇▆▆▅▅▄▄▃▃▂▂▁▁▁▁▂▂▃▃▄▄▅▅▆▆▇▇██▇▇▆▆▅▅▄▄▃▃▂▂▁▁▁▁▂▂▃▃▄▄▅▅▆▆▇▇██▇▇▆▆▅▅▄▄▃▃▂▂▁▁▁▁▂▂
Downloading files from remote theme [63%] ...
[2K[1A[2K[1A[2K[G▇██▇▇▆▆▅▅▄▄▃▃▂▂▁▁▁▁▂▂▃▃▄▄▅▅▆▆▇▇██▇▇▆▆▅▅▄▄▃▃▂▂▁▁▁▁▂▂▃▃▄▄▅▅▆▆▇▇██▇▇▆▆▅▅▄▄▃▃▂▂▁▁▁▁▂
Downloading files from remote theme [63%] ...
[2K[1A[2K[1A[2K[G▇▇██▇▇▆▆▅▅▄▄▃▃▂▂▁▁▁▁▂▂▃▃▄▄▅▅▆▆▇▇██▇▇▆▆▅▅▄▄▃▃▂▂▁▁▁▁▂▂▃▃▄▄▅▅▆▆▇▇██▇▇▆▆▅▅▄▄▃▃▂▂▁▁▁▁
Downloading files from remote theme [63%] ...
[2K[1A[2K[1A[2K[G▆▇▇██▇▇▆▆▅▅▄▄▃▃▂▂▁▁▁▁▂▂▃▃▄▄▅▅▆▆▇▇██▇▇▆▆▅▅▄▄▃▃▂▂▁▁▁▁▂▂▃▃▄▄▅▅▆▆▇▇██▇▇▆▆▅▅▄▄▃▃▂▂▁▁▁
Downloading files from remote theme [63%] ...
[2K[1A[2K[1A[2K[G▆▆▇▇██▇▇▆▆▅▅▄▄▃▃▂▂▁▁▁▁▂▂▃▃▄▄▅▅▆▆▇▇██▇▇▆▆▅▅▄▄▃▃▂▂▁▁▁▁▂▂▃▃▄▄▅▅▆▆▇▇██▇▇▆▆▅▅▄▄▃▃▂▂▁▁
Downloading files from remote theme [63%] ...
[2K[1A[2K[1A[2K[G▅▆▆▇▇██▇▇▆▆▅▅▄▄▃▃▂▂▁▁▁▁▂▂▃▃▄▄▅▅▆▆▇▇██▇▇▆▆▅▅▄▄▃▃▂▂▁▁▁▁▂▂▃▃▄▄▅▅▆▆▇▇██▇▇▆▆▅▅▄▄▃▃▂▂▁
Downloading files from remote theme [63%] ...
[2K[1A[2K[1A[2K[G▅▅▆▆▇▇██▇▇▆▆▅▅▄▄▃▃▂▂▁▁▁▁▂▂▃▃▄▄▅▅▆▆▇▇██▇▇▆▆▅▅▄▄▃▃▂▂▁▁▁▁▂▂▃▃▄▄▅▅▆▆▇▇██▇▇▆▆▅▅▄▄▃▃▂▂
Downloading files from remote theme [63%] ...
[2K[1A[2K[1A[2K[G▄▅▅▆▆▇▇██▇▇▆▆▅▅▄▄▃▃▂▂▁▁▁▁▂▂▃▃▄▄▅▅▆▆▇▇██▇▇▆▆▅▅▄▄▃▃▂▂▁▁▁▁▂▂▃▃▄▄▅▅▆▆▇▇██▇▇▆▆▅▅▄▄▃▃▂
Downloading files from remote theme [63%] ...
[2K[1A[2K[1A[2K[G▄▄▅▅▆▆▇▇██▇▇▆▆▅▅▄▄▃▃▂▂▁▁▁▁▂▂▃▃▄▄▅▅▆▆▇▇██▇▇▆▆▅▅▄▄▃▃▂▂▁▁▁▁▂▂▃▃▄▄▅▅▆▆▇▇██▇▇▆▆▅▅▄▄▃▃
Downloading files from remote theme [63%] ...
[2K[1A[2K[1A[2K[G▃▄▄▅▅▆▆▇▇██▇▇▆▆▅▅▄▄▃▃▂▂▁▁▁▁▂▂▃▃▄▄▅▅▆▆▇▇██▇▇▆▆▅▅▄▄▃▃▂▂▁▁▁▁▂▂▃▃▄▄▅▅▆▆▇▇██▇▇▆▆▅▅▄▄▃
Downloading files from remote theme [63%] ...
[2K[1A[2K[1A[2K[G▃▄▄▅▅▆▆▇▇██▇▇▆▆▅▅▄▄▃▃▂▂▁▁▁▁▂▂▃▃▄▄▅▅▆▆▇▇██▇▇▆▆▅▅▄▄▃▃▂▂▁▁▁▁▂▂▃▃▄▄▅▅▆▆▇▇██▇▇▆▆▅▅▄▄▃
Downloading files from remote theme [84%] ...
[2K[1A[2K[1A[2K[G▃▃▄▄▅▅▆▆▇▇██▇▇▆▆▅▅▄▄▃▃▂▂▁▁▁▁▂▂▃▃▄▄▅▅▆▆▇▇██▇▇▆▆▅▅▄▄▃▃▂▂▁▁▁▁▂▂▃▃▄▄▅▅▆▆▇▇██▇▇▆▆▅▅▄▄
Downloading files from remote theme [84%] ...
[2K[1A[2K[1A[2K[G▂▃▃▄▄▅▅▆▆▇▇██▇▇▆▆▅▅▄▄▃▃▂▂▁▁▁▁▂▂▃▃▄▄▅▅▆▆▇▇██▇▇▆▆▅▅▄▄▃▃▂▂▁▁▁▁▂▂▃▃▄▄▅▅▆▆▇▇██▇▇▆▆▅▅▄
Downloading files from remote theme [84%] ...
[2K[1A[2K[1A[2K[G▂▂▃▃▄▄▅▅▆▆▇▇██▇▇▆▆▅▅▄▄▃▃▂▂▁▁▁▁▂▂▃▃▄▄▅▅▆▆▇▇██▇▇▆▆▅▅▄▄▃▃▂▂▁▁▁▁▂▂▃▃▄▄▅▅▆▆▇▇██▇▇▆▆▅▅
Downloading files from remote theme [84%] ...
[2K[1A[2K[1A[2K[G▁▂▂▃▃▄▄▅▅▆▆▇▇██▇▇▆▆▅▅▄▄▃▃▂▂▁▁▁▁▂▂▃▃▄▄▅▅▆▆▇▇██▇▇▆▆▅▅▄▄▃▃▂▂▁▁▁▁▂▂▃▃▄▄▅▅▆▆▇▇██▇▇▆▆▅
Downloading files from remote theme [84%] ...
[2K[1A[2K[1A[2K[G▁▁▂▂▃▃▄▄▅▅▆▆▇▇██▇▇▆▆▅▅▄▄▃▃▂▂▁▁▁▁▂▂▃▃▄▄▅▅▆▆▇▇██▇▇▆▆▅▅▄▄▃▃▂▂▁▁▁▁▂▂▃▃▄▄▅▅▆▆▇▇██▇▇▆▆
Downloading files from remote theme [84%] ...
[2K[1A[2K[1A[2K[G▁▁▁▂▂▃▃▄▄▅▅▆▆▇▇██▇▇▆▆▅▅▄▄▃▃▂▂▁▁▁▁▂▂▃▃▄▄▅▅▆▆▇▇██▇▇▆▆▅▅▄▄▃▃▂▂▁▁▁▁▂▂▃▃▄▄▅▅▆▆▇▇██▇▇▆
Downloading files from remote theme [84%] ...
[2K[1A[2K[1A[2K[G▁▁▁▁▂▂▃▃▄▄▅▅▆▆▇▇██▇▇▆▆▅▅▄▄▃▃▂▂▁▁▁▁▂▂▃▃▄▄▅▅▆▆▇▇██▇▇▆▆▅▅▄▄▃▃▂▂▁▁▁▁▂▂▃▃▄▄▅▅▆▆▇▇██▇▇
Downloading files from remote theme [84%] ...
[2K[1A[2K[1A[2K[G▂▁▁▁▁▂▂▃▃▄▄▅▅▆▆▇▇██▇▇▆▆▅▅▄▄▃▃▂▂▁▁▁▁▂▂▃▃▄▄▅▅▆▆▇▇██▇▇▆▆▅▅▄▄▃▃▂▂▁▁▁▁▂▂▃▃▄▄▅▅▆▆▇▇██▇
Downloading files from remote theme [84%] ...
[2K[1A[2K[1A[2K[G▂▂▁▁▁▁▂▂▃▃▄▄▅▅▆▆▇▇██▇▇▆▆▅▅▄▄▃▃▂▂▁▁▁▁▂▂▃▃▄▄▅▅▆▆▇▇██▇▇▆▆▅▅▄▄▃▃▂▂▁▁▁▁▂▂▃▃▄▄▅▅▆▆▇▇██
Downloading files from remote theme [84%] ...
[2K[1A[2K[1A[2K[G▃▂▂▁▁▁▁▂▂▃▃▄▄▅▅▆▆▇▇██▇▇▆▆▅▅▄▄▃▃▂▂▁▁▁▁▂▂▃▃▄▄▅▅▆▆▇▇██▇▇▆▆▅▅▄▄▃▃▂▂▁▁▁▁▂▂▃▃▄▄▅▅▆▆▇▇█
Downloading files from remote theme [84%] ...
[2K[1A[2K[1A[2K[G▃▃▂▂▁▁▁▁▂▂▃▃▄▄▅▅▆▆▇▇██▇▇▆▆▅▅▄▄▃▃▂▂▁▁▁▁▂▂▃▃▄▄▅▅▆▆▇▇██▇▇▆▆▅▅▄▄▃▃▂▂▁▁▁▁▂▂▃▃▄▄▅▅▆▆▇▇
Downloading files from remote theme [84%] ...
[2K[1A[2K[1A[2K[G▄▃▃▂▂▁▁▁▁▂▂▃▃▄▄▅▅▆▆▇▇██▇▇▆▆▅▅▄▄▃▃▂▂▁▁▁▁▂▂▃▃▄▄▅▅▆▆▇▇██▇▇▆▆▅▅▄▄▃▃▂▂▁▁▁▁▂▂▃▃▄▄▅▅▆▆▇
Downloading files from remote theme [84%] ...
[2K[1A[2K[1A[2K[G▄▄▃▃▂▂▁▁▁▁▂▂▃▃▄▄▅▅▆▆▇▇██▇▇▆▆▅▅▄▄▃▃▂▂▁▁▁▁▂▂▃▃▄▄▅▅▆▆▇▇██▇▇▆▆▅▅▄▄▃▃▂▂▁▁▁▁▂▂▃▃▄▄▅▅▆▆
Downloading files from remote theme [84%] ...
[2K[1A[2K[1A[2K[G▅▄▄▃▃▂▂▁▁▁▁▂▂▃▃▄▄▅▅▆▆▇▇██▇▇▆▆▅▅▄▄▃▃▂▂▁▁▁▁▂▂▃▃▄▄▅▅▆▆▇▇██▇▇▆▆▅▅▄▄▃▃▂▂▁▁▁▁▂▂▃▃▄▄▅▅▆
Downloading files from remote theme [84%] ...
[2K[1A[2K[1A[2K[G▅▅▄▄▃▃▂▂▁▁▁▁▂▂▃▃▄▄▅▅▆▆▇▇██▇▇▆▆▅▅▄▄▃▃▂▂▁▁▁▁▂▂▃▃▄▄▅▅▆▆▇▇██▇▇▆▆▅▅▄▄▃▃▂▂▁▁▁▁▂▂▃▃▄▄▅▅
Downloading files from remote theme [84%] ...
[2K[1A[2K[1A[2K[G▆▅▅▄▄▃▃▂▂▁▁▁▁▂▂▃▃▄▄▅▅▆▆▇▇██▇▇▆▆▅▅▄▄▃▃▂▂▁▁▁▁▂▂▃▃▄▄▅▅▆▆▇▇██▇▇▆▆▅▅▄▄▃▃▂▂▁▁▁▁▂▂▃▃▄▄▅
Downloading files from remote theme [84%] ...
[2K[1A[2K[1A[2K[G▆▆▅▅▄▄▃▃▂▂▁▁▁▁▂▂▃▃▄▄▅▅▆▆▇▇██▇▇▆▆▅▅▄▄▃▃▂▂▁▁▁▁▂▂▃▃▄▄▅▅▆▆▇▇██▇▇▆▆▅▅▄▄▃▃▂▂▁▁▁▁▂▂▃▃▄▄
Downloading files from remote theme [84%] ...
[2K[1A[2K[1A[2K[G▇▆▆▅▅▄▄▃▃▂▂▁▁▁▁▂▂▃▃▄▄▅▅▆▆▇▇██▇▇▆▆▅▅▄▄▃▃▂▂▁▁▁▁▂▂▃▃▄▄▅▅▆▆▇▇██▇▇▆▆▅▅▄▄▃▃▂▂▁▁▁▁▂▂▃▃▄
Downloading files from remote theme [84%] ...
[2K[1A[2K[1A[2K[G▇▇▆▆▅▅▄▄▃▃▂▂▁▁▁▁▂▂▃▃▄▄▅▅▆▆▇▇██▇▇▆▆▅▅▄▄▃▃▂▂▁▁▁▁▂▂▃▃▄▄▅▅▆▆▇▇██▇▇▆▆▅▅▄▄▃▃▂▂▁▁▁▁▂▂▃▃
Downloading files from remote theme [84%] ...
[2K[1A[2K[1A[2K[G
╭─ success ────────────────────────────────────────────────────────────────────╮
│                                                                              │
│  The theme 'YOWIPROD · web + reproductor' (#188908044576) has been pulled.   │
│                                                                              │
│  Next steps                                                                  │
│    • View your theme [1]                                                     │
│    • Customize your theme at the theme editor [2]                            │
│                                                                              │
╰──────────────────────────────────────────────────────────────────────────────╯
[1] https://yowiprod-com.myshopify.com/?preview_theme_id=188908044576
[2] https://yowiprod-com.myshopify.com/admin/themes/188908044576/editor

