╭─ warning ────────────────────────────────────────────────────────────────────╮
│                                                                              │
│  It doesn't seem like you're running this command in a theme directory.      │
│                                                                              │
╰──────────────────────────────────────────────────────────────────────────────╯

╭─ warning ────────────────────────────────────────────────────────────────────╮
│                                                                              │
│  The current Git directory has uncommitted changes.                          │
│                                                                              │
╰──────────────────────────────────────────────────────────────────────────────╯

▁▁▂▂▃▃▄▄▅▅▆▆▇▇██▇▇▆▆▅▅▄▄▃▃▂▂▁▁▁▁▂▂▃▃▄▄▅▅▆▆▇▇██▇▇▆▆▅▅▄▄▃▃▂▂▁▁▁▁▂▂▃▃▄▄▅▅▆▆▇▇██▇▇▆▆
▅▅▄▄▃▃▂▂▁▁
Downloading files from remote theme [0%] ...
[2K[1A[2K[1A[2K[1A[2K[G▁▁▁▁▂▂▃▃▄▄▅▅▆▆▇▇██▇▇▆▆▅▅▄▄▃▃▂▂▁▁▁▁▂▂▃▃▄▄▅▅▆▆▇▇██▇▇▆▆▅▅▄▄▃▃▂▂▁▁▁▁▂▂▃▃▄▄▅▅▆▆▇▇██▇▇
Downloading files from remote theme [0%] ...
[2K[1A[2K[1A[2K[G▂▁▁▁▁▂▂▃▃▄▄▅▅▆▆▇▇██▇▇▆▆▅▅▄▄▃▃▂▂▁▁▁▁▂▂▃▃▄▄▅▅▆▆▇▇██▇▇▆▆▅▅▄▄▃▃▂▂▁▁▁▁▂▂▃▃▄▄▅▅▆▆▇▇██▇
Downloading files from remote theme [0%] ...
[2K[1A[2K[1A[2K[G▂▂▁▁▁▁▂▂▃▃▄▄▅▅▆▆▇▇██▇▇▆▆▅▅▄▄▃▃▂▂▁▁▁▁▂▂▃▃▄▄▅▅▆▆▇▇██▇▇▆▆▅▅▄▄▃▃▂▂▁▁▁▁▂▂▃▃▄▄▅▅▆▆▇▇██
Downloading files from remote theme [0%] ...
[2K[1A[2K[1A[2K[G▃▂▂▁▁▁▁▂▂▃▃▄▄▅▅▆▆▇▇██▇▇▆▆▅▅▄▄▃▃▂▂▁▁▁▁▂▂▃▃▄▄▅▅▆▆▇▇██▇▇▆▆▅▅▄▄▃▃▂▂▁▁▁▁▂▂▃▃▄▄▅▅▆▆▇▇█
Downloading files from remote theme [0%] ...
[2K[1A[2K[1A[2K[G▃▃▂▂▁▁▁▁▂▂▃▃▄▄▅▅▆▆▇▇██▇▇▆▆▅▅▄▄▃▃▂▂▁▁▁▁▂▂▃▃▄▄▅▅▆▆▇▇██▇▇▆▆▅▅▄▄▃▃▂▂▁▁▁▁▂▂▃▃▄▄▅▅▆▆▇▇
Downloading files from remote theme [0%] ...
[2K[1A[2K[1A[2K[G▄▃▃▂▂▁▁▁▁▂▂▃▃▄▄▅▅▆▆▇▇██▇▇▆▆▅▅▄▄▃▃▂▂▁▁▁▁▂▂▃▃▄▄▅▅▆▆▇▇██▇▇▆▆▅▅▄▄▃▃▂▂▁▁▁▁▂▂▃▃▄▄▅▅▆▆▇
Downloading files from remote theme [0%] ...
[2K[1A[2K[1A[2K[G▄▄▃▃▂▂▁▁▁▁▂▂▃▃▄▄▅▅▆▆▇▇██▇▇▆▆▅▅▄▄▃▃▂▂▁▁▁▁▂▂▃▃▄▄▅▅▆▆▇▇██▇▇▆▆▅▅▄▄▃▃▂▂▁▁▁▁▂▂▃▃▄▄▅▅▆▆
Downloading files from remote theme [0%] ...
[2K[1A[2K[1A[2K[G▅▄▄▃▃▂▂▁▁▁▁▂▂▃▃▄▄▅▅▆▆▇▇██▇▇▆▆▅▅▄▄▃▃▂▂▁▁▁▁▂▂▃▃▄▄▅▅▆▆▇▇██▇▇▆▆▅▅▄▄▃▃▂▂▁▁▁▁▂▂▃▃▄▄▅▅▆
Downloading files from remote theme [0%] ...
[2K[1A[2K[1A[2K[G
╭─ success ────────────────────────────────────────────────────────────────────╮
│                                                                              │
│  The theme 'Reproductor Beats (prueba)' (#188908044576) has been pulled.     │
│                                                                              │
│  Next steps                                                                  │
│    • View your theme [1]                                                     │
│    • Customize your theme at the theme editor [2]                            │
│                                                                              │
╰──────────────────────────────────────────────────────────────────────────────╯
[1] https://yowiprod-com.myshopify.com/?preview_theme_id=188908044576
[2] https://yowiprod-com.myshopify.com/admin/themes/188908044576/editor

