▁▁▂▂▃▃▄▄▅▅▆▆▇▇██▇▇▆▆▅▅▄▄▃▃▂▂▁▁▁▁▂▂▃▃▄▄▅▅▆▆▇▇██▇▇▆▆▅▅▄▄▃▃▂▂▁▁▁▁▂▂▃▃▄▄▅▅▆▆▇▇██▇▇▆▆
▅▅▄▄▃▃▂▂▁▁
Uploading files to remote theme [0%] ...
[2K[1A[2K[1A[2K[1A[2K[G▁▁▁▂▂▃▃▄▄▅▅▆▆▇▇██▇▇▆▆▅▅▄▄▃▃▂▂▁▁▁▁▂▂▃▃▄▄▅▅▆▆▇▇██▇▇▆▆▅▅▄▄▃▃▂▂▁▁▁▁▂▂▃▃▄▄▅▅▆▆▇▇██▇▇▆
Uploading files to remote theme [0%] ...
[2K[1A[2K[1A[2K[G▁▁▁▁▂▂▃▃▄▄▅▅▆▆▇▇██▇▇▆▆▅▅▄▄▃▃▂▂▁▁▁▁▂▂▃▃▄▄▅▅▆▆▇▇██▇▇▆▆▅▅▄▄▃▃▂▂▁▁▁▁▂▂▃▃▄▄▅▅▆▆▇▇██▇▇
Uploading files to remote theme [0%] ...
[2K[1A[2K[1A[2K[G▂▁▁▁▁▂▂▃▃▄▄▅▅▆▆▇▇██▇▇▆▆▅▅▄▄▃▃▂▂▁▁▁▁▂▂▃▃▄▄▅▅▆▆▇▇██▇▇▆▆▅▅▄▄▃▃▂▂▁▁▁▁▂▂▃▃▄▄▅▅▆▆▇▇██▇
Uploading files to remote theme [0%] ...
[2K[1A[2K[1A[2K[G▂▂▁▁▁▁▂▂▃▃▄▄▅▅▆▆▇▇██▇▇▆▆▅▅▄▄▃▃▂▂▁▁▁▁▂▂▃▃▄▄▅▅▆▆▇▇██▇▇▆▆▅▅▄▄▃▃▂▂▁▁▁▁▂▂▃▃▄▄▅▅▆▆▇▇██
Uploading files to remote theme [0%] ...
[2K[1A[2K[1A[2K[G▃▂▂▁▁▁▁▂▂▃▃▄▄▅▅▆▆▇▇██▇▇▆▆▅▅▄▄▃▃▂▂▁▁▁▁▂▂▃▃▄▄▅▅▆▆▇▇██▇▇▆▆▅▅▄▄▃▃▂▂▁▁▁▁▂▂▃▃▄▄▅▅▆▆▇▇█
Uploading files to remote theme [0%] ...
[2K[1A[2K[1A[2K[G▃▃▂▂▁▁▁▁▂▂▃▃▄▄▅▅▆▆▇▇██▇▇▆▆▅▅▄▄▃▃▂▂▁▁▁▁▂▂▃▃▄▄▅▅▆▆▇▇██▇▇▆▆▅▅▄▄▃▃▂▂▁▁▁▁▂▂▃▃▄▄▅▅▆▆▇▇
Uploading files to remote theme [0%] ...
[2K[1A[2K[1A[2K[G▄▃▃▂▂▁▁▁▁▂▂▃▃▄▄▅▅▆▆▇▇██▇▇▆▆▅▅▄▄▃▃▂▂▁▁▁▁▂▂▃▃▄▄▅▅▆▆▇▇██▇▇▆▆▅▅▄▄▃▃▂▂▁▁▁▁▂▂▃▃▄▄▅▅▆▆▇
Uploading files to remote theme [0%] ...
[2K[1A[2K[1A[2K[G▄▄▃▃▂▂▁▁▁▁▂▂▃▃▄▄▅▅▆▆▇▇██▇▇▆▆▅▅▄▄▃▃▂▂▁▁▁▁▂▂▃▃▄▄▅▅▆▆▇▇██▇▇▆▆▅▅▄▄▃▃▂▂▁▁▁▁▂▂▃▃▄▄▅▅▆▆
Uploading files to remote theme [0%] ...
[2K[1A[2K[1A[2K[G▅▄▄▃▃▂▂▁▁▁▁▂▂▃▃▄▄▅▅▆▆▇▇██▇▇▆▆▅▅▄▄▃▃▂▂▁▁▁▁▂▂▃▃▄▄▅▅▆▆▇▇██▇▇▆▆▅▅▄▄▃▃▂▂▁▁▁▁▂▂▃▃▄▄▅▅▆
Uploading files to remote theme [0%] ...
[2K[1A[2K[1A[2K[G▅▅▄▄▃▃▂▂▁▁▁▁▂▂▃▃▄▄▅▅▆▆▇▇██▇▇▆▆▅▅▄▄▃▃▂▂▁▁▁▁▂▂▃▃▄▄▅▅▆▆▇▇██▇▇▆▆▅▅▄▄▃▃▂▂▁▁▁▁▂▂▃▃▄▄▅▅
Uploading files to remote theme [0%] ...
[2K[1A[2K[1A[2K[G▆▅▅▄▄▃▃▂▂▁▁▁▁▂▂▃▃▄▄▅▅▆▆▇▇██▇▇▆▆▅▅▄▄▃▃▂▂▁▁▁▁▂▂▃▃▄▄▅▅▆▆▇▇██▇▇▆▆▅▅▄▄▃▃▂▂▁▁▁▁▂▂▃▃▄▄▅
Uploading files to remote theme [0%] ...
[2K[1A[2K[1A[2K[G▆▆▅▅▄▄▃▃▂▂▁▁▁▁▂▂▃▃▄▄▅▅▆▆▇▇██▇▇▆▆▅▅▄▄▃▃▂▂▁▁▁▁▂▂▃▃▄▄▅▅▆▆▇▇██▇▇▆▆▅▅▄▄▃▃▂▂▁▁▁▁▂▂▃▃▄▄
Uploading files to remote theme [0%] ...
[2K[1A[2K[1A[2K[G▇▆▆▅▅▄▄▃▃▂▂▁▁▁▁▂▂▃▃▄▄▅▅▆▆▇▇██▇▇▆▆▅▅▄▄▃▃▂▂▁▁▁▁▂▂▃▃▄▄▅▅▆▆▇▇██▇▇▆▆▅▅▄▄▃▃▂▂▁▁▁▁▂▂▃▃▄
Uploading files to remote theme [0%] ...
[2K[1A[2K[1A[2K[G▇▇▆▆▅▅▄▄▃▃▂▂▁▁▁▁▂▂▃▃▄▄▅▅▆▆▇▇██▇▇▆▆▅▅▄▄▃▃▂▂▁▁▁▁▂▂▃▃▄▄▅▅▆▆▇▇██▇▇▆▆▅▅▄▄▃▃▂▂▁▁▁▁▂▂▃▃
Uploading files to remote theme [0%] ...
[2K[1A[2K[1A[2K[G█▇▇▆▆▅▅▄▄▃▃▂▂▁▁▁▁▂▂▃▃▄▄▅▅▆▆▇▇██▇▇▆▆▅▅▄▄▃▃▂▂▁▁▁▁▂▂▃▃▄▄▅▅▆▆▇▇██▇▇▆▆▅▅▄▄▃▃▂▂▁▁▁▁▂▂▃
Uploading files to remote theme [0%] ...
[2K[1A[2K[1A[2K[G██▇▇▆▆▅▅▄▄▃▃▂▂▁▁▁▁▂▂▃▃▄▄▅▅▆▆▇▇██▇▇▆▆▅▅▄▄▃▃▂▂▁▁▁▁▂▂▃▃▄▄▅▅▆▆▇▇██▇▇▆▆▅▅▄▄▃▃▂▂▁▁▁▁▂▂
Uploading files to remote theme [0%] ...
[2K[1A[2K[1A[2K[G▇██▇▇▆▆▅▅▄▄▃▃▂▂▁▁▁▁▂▂▃▃▄▄▅▅▆▆▇▇██▇▇▆▆▅▅▄▄▃▃▂▂▁▁▁▁▂▂▃▃▄▄▅▅▆▆▇▇██▇▇▆▆▅▅▄▄▃▃▂▂▁▁▁▁▂
Uploading files to remote theme [0%] ...
[2K[1A[2K[1A[2K[G▇▇██▇▇▆▆▅▅▄▄▃▃▂▂▁▁▁▁▂▂▃▃▄▄▅▅▆▆▇▇██▇▇▆▆▅▅▄▄▃▃▂▂▁▁▁▁▂▂▃▃▄▄▅▅▆▆▇▇██▇▇▆▆▅▅▄▄▃▃▂▂▁▁▁▁
Uploading files to remote theme [0%] ...
[2K[1A[2K[1A[2K[G▆▇▇██▇▇▆▆▅▅▄▄▃▃▂▂▁▁▁▁▂▂▃▃▄▄▅▅▆▆▇▇██▇▇▆▆▅▅▄▄▃▃▂▂▁▁▁▁▂▂▃▃▄▄▅▅▆▆▇▇██▇▇▆▆▅▅▄▄▃▃▂▂▁▁▁
Uploading files to remote theme [0%] ...
[2K[1A[2K[1A[2K[G▆▆▇▇██▇▇▆▆▅▅▄▄▃▃▂▂▁▁▁▁▂▂▃▃▄▄▅▅▆▆▇▇██▇▇▆▆▅▅▄▄▃▃▂▂▁▁▁▁▂▂▃▃▄▄▅▅▆▆▇▇██▇▇▆▆▅▅▄▄▃▃▂▂▁▁
Uploading files to remote theme [0%] ...
[2K[1A[2K[1A[2K[G
▁▁▂▂▃▃▄▄▅▅▆▆▇▇██▇▇▆▆▅▅▄▄▃▃▂▂▁▁▁▁▂▂▃▃▄▄▅▅▆▆▇▇██▇▇▆▆▅▅▄▄▃▃▂▂▁▁▁▁▂▂▃▃▄▄▅▅▆▆▇▇██▇▇▆▆
▅▅▄▄▃▃▂▂▁▁
Cleaning your remote theme [100%] ...
[2K[1A[2K[1A[2K[1A[2K[G
▁▁▂▂▃▃▄▄▅▅▆▆▇▇██▇▇▆▆▅▅▄▄▃▃▂▂▁▁▁▁▂▂▃▃▄▄▅▅▆▆▇▇██▇▇▆▆▅▅▄▄▃▃▂▂▁▁▁▁▂▂▃▃▄▄▅▅▆▆▇▇██▇▇▆▆
▅▅▄▄▃▃▂▂▁▁
Theme upload complete ...
[2K[1A[2K[1A[2K[1A[2K[G
╭─ success ────────────────────────────────────────────────────────────────────╮
│                                                                              │
│  The theme 'YOWIPROD · web + reproductor' (#188908044576) was pushed         │
│  successfully.                                                               │
│                                                                              │
│  Next steps                                                                  │
│    • View your theme [1]                                                     │
│    • Customize your theme at the theme editor [2]                            │
│                                                                              │
╰──────────────────────────────────────────────────────────────────────────────╯
[1] https://yowiprod-com.myshopify.com
[2] https://yowiprod-com.myshopify.com/admin/themes/188908044576/editor

